<?xml version="1.0" encoding="UTF-8"?>
<!-- Generated by org.testng.reporters.JUnitReportReporter -->
<testsuite skipped="0" hostname="Nijats-MacBook-Pro.local" name="com.app.runner.CukesRunner" tests="8" failures="0" timestamp="06 Apr 2018 22:27:49 GMT" time="58.345" errors="0">
  <testcase name="runScenario" time="6.281" classname="com.app.runner.CukesRunner"/>
  <testcase name="runScenario" time="6.156" classname="com.app.runner.CukesRunner"/>
  <testcase name="runScenario" time="6.722" classname="com.app.runner.CukesRunner"/>
  <testcase name="runScenario" time="8.079" classname="com.app.runner.CukesRunner"/>
  <testcase name="runScenario" time="6.806" classname="com.app.runner.CukesRunner"/>
  <testcase name="runScenario" time="8.472" classname="com.app.runner.CukesRunner"/>
  <testcase name="runScenario" time="9.429" classname="com.app.runner.CukesRunner"/>
  <testcase name="runScenario" time="6.400" classname="com.app.runner.CukesRunner"/>
</testsuite> <!-- com.app.runner.CukesRunner -->
