<?xml version="1.0" encoding="UTF-8"?>
<!-- Generated by org.testng.reporters.JUnitReportReporter -->
<testsuite skipped="0" hostname="Nijats-MacBook-Pro.local" name="com.app.runner.SmokeTestRunner" tests="1" failures="0" timestamp="07 Apr 2018 04:28:01 GMT" time="29.626" errors="0">
  <testcase name="runScenario" time="29.626" classname="com.app.runner.SmokeTestRunner"/>
</testsuite> <!-- com.app.runner.SmokeTestRunner -->
