<?xml version="1.0" encoding="UTF-8"?>
<!-- Generated by org.testng.reporters.JUnitReportReporter -->
<testsuite skipped="0" hostname="Nijats-MacBook-Pro.local" name="com.app.runner.CukesRunner" tests="1" failures="0" timestamp="07 Apr 2018 04:24:22 GMT" time="27.845" errors="0">
  <testcase name="runScenario" time="27.845" classname="com.app.runner.CukesRunner"/>
</testsuite> <!-- com.app.runner.CukesRunner -->
